<?xml version="1.0" encoding="UTF-8"?>
<!-- Generated by org.testng.reporters.JUnitReportReporter -->
<testsuite hostname="DESKTOP-IIQSNUO" failures="0" tests="1" name="checkoutYourInformation.CheckoutTest" time="3.534" errors="0" timestamp="2024-09-24T12:04:37 BDT" skipped="0">
  <testcase classname="checkoutYourInformation.CheckoutTest" name="yourCart" time="3.534"/>
</testsuite> <!-- checkoutYourInformation.CheckoutTest -->
