<?xml version="1.0" encoding="UTF-8"?>
<!-- Generated by org.testng.reporters.JUnitReportReporter -->
<testsuite hostname="DESKTOP-IIQSNUO" failures="0" tests="1" name="swagLabsProductPage.AddToCartTest" time="4.223" errors="0" timestamp="2024-09-23T21:26:09 BDT" skipped="0">
  <testcase classname="swagLabsProductPage.AddToCartTest" name="addToCart" time="4.223"/>
</testsuite> <!-- swagLabsProductPage.AddToCartTest -->
