<?xml version="1.0" encoding="UTF-8"?>
<!-- Generated by org.testng.reporters.JUnitReportReporter -->
<testsuite hostname="DESKTOP-IIQSNUO" failures="0" tests="1" name="checkoutYourInformation.YourInformationTest" time="3.621" errors="0" timestamp="2024-09-24T12:09:02 BDT" skipped="0">
  <testcase classname="checkoutYourInformation.YourInformationTest" name="yourInformation" time="3.621"/>
</testsuite> <!-- checkoutYourInformation.YourInformationTest -->
