<?xml version="1.0" encoding="UTF-8"?>
<!-- Generated by org.testng.reporters.JUnitReportReporter -->
<testsuite hostname="DESKTOP-IIQSNUO" failures="0" tests="1" name="checkoutCompletePage.CheckoutCompleteTest" time="3.898" errors="0" timestamp="2024-09-24T12:31:11 BDT" skipped="0">
  <testcase classname="checkoutCompletePage.CheckoutCompleteTest" name="lastPage" time="3.898"/>
</testsuite> <!-- checkoutCompletePage.CheckoutCompleteTest -->
