<?xml version="1.0" encoding="UTF-8"?>
<!-- Generated by org.testng.reporters.JUnitReportReporter -->
<testsuite hostname="DESKTOP-IIQSNUO" failures="0" tests="2" name="shoppingCartContainer.YourCartTest" time="6.287" errors="0" timestamp="2024-09-24T11:52:55 BDT" skipped="0">
  <testcase classname="shoppingCartContainer.YourCartTest" name="yourCart1" time="3.492"/>
  <testcase classname="shoppingCartContainer.YourCartTest" name="yourCart" time="2.795"/>
</testsuite> <!-- shoppingCartContainer.YourCartTest -->
