<?xml version="1.0" encoding="UTF-8"?>
<!-- Generated by org.testng.reporters.JUnitReportReporter -->
<testsuite hostname="DESKTOP-IIQSNUO" failures="0" tests="1" name="checkoutYourInformation.OverviewTest" time="3.922" errors="0" timestamp="2024-09-24T12:19:25 BDT" skipped="0">
  <testcase classname="checkoutYourInformation.OverviewTest" name="overview" time="3.922"/>
</testsuite> <!-- checkoutYourInformation.OverviewTest -->
