<?xml version="1.0" encoding="UTF-8"?>
<!-- Generated by org.testng.reporters.JUnitReportReporter -->
<testsuite hostname="DESKTOP-IIQSNUO" failures="0" tests="1" name="shoppingCartContainer.CartBadgeTest" time="3.315" errors="0" timestamp="2024-09-24T11:07:20 BDT" skipped="0">
  <testcase classname="shoppingCartContainer.CartBadgeTest" name="BadgeOnCart" time="3.315"/>
</testsuite> <!-- shoppingCartContainer.CartBadgeTest -->
