<?xml version="1.0" encoding="UTF-8"?>
<!-- Generated by org.testng.reporters.JUnitReportReporter -->
<testsuite hostname="DESKTOP-IIQSNUO" failures="0" tests="1" name="swagLabsLogout.LogoutTest" time="5.277" errors="0" timestamp="2024-09-24T12:43:51 BDT" skipped="0">
  <testcase classname="swagLabsLogout.LogoutTest" name="logout" time="5.277"/>
</testsuite> <!-- swagLabsLogout.LogoutTest -->
