<?xml version="1.0" encoding="UTF-8"?>
<!-- Generated by org.testng.reporters.JUnitReportReporter -->
<testsuite hostname="DESKTOP-IIQSNUO" failures="0" tests="1" name="swagLabsProductPage.ProductPageTest" time="4.032" errors="0" timestamp="2024-09-23T20:54:29 BDT" skipped="0">
  <testcase classname="swagLabsProductPage.ProductPageTest" name="products" time="4.032"/>
</testsuite> <!-- swagLabsProductPage.ProductPageTest -->
